Using pre-set license
Built from '2020.2/release' branch; Version is '2020.2.1f1 (270dd8c3da1c) revision 2559448'; Using compiler version '192528614'; Build Type 'Release'
OS: 'Windows 10  (10.0.0) 64bit' Language: 'es' Physical Memory: 16320 MB
BatchMode: 1, IsHumanControllingUs: 0, StartBugReporterOnCrash: 0, Is64bit: 1, IsPro: 0

 COMMAND LINE ARGUMENTS:
C:\Program Files\Unity\Hub\Editor\2020.2.1f1\Editor\Unity.exe
-adb2
-batchMode
-noUpm
-name
AssetImportWorker0
-projectPath
C:/Users/Cliente/Desktop/Introduction to Scripting Part 1
-logFile
Logs/AssetImportWorker0.log
-srvPort
61247
Successfully changed project path to: C:/Users/Cliente/Desktop/Introduction to Scripting Part 1
C:/Users/Cliente/Desktop/Introduction to Scripting Part 1
Using Asset Import Pipeline V2.
Refreshing native plugins compatible for Editor in 25.75 ms, found 0 plugins.
Preloading 0 native plugins for Editor in 0.00 ms.
Initialize engine version: 2020.2.1f1 (270dd8c3da1c)
[Subsystems] Discovering subsystems at path C:/Program Files/Unity/Hub/Editor/2020.2.1f1/Editor/Data/Resources/UnitySubsystems
[Subsystems] Discovering subsystems at path C:/Users/Cliente/Desktop/Introduction to Scripting Part 1/Assets
GfxDevice: creating device client; threaded=0
Direct3D:
    Version:  Direct3D 11.0 [level 11.1]
    Renderer: NVIDIA GeForce GTX 1060 6GB (ID=0x1c03)
    Vendor:   
    VRAM:     6052 MB
    Driver:   30.0.15.1215
Initialize mono
Mono path[0] = 'C:/Program Files/Unity/Hub/Editor/2020.2.1f1/Editor/Data/Managed'
Mono path[1] = 'C:/Program Files/Unity/Hub/Editor/2020.2.1f1/Editor/Data/MonoBleedingEdge/lib/mono/unityjit'
Mono config path = 'C:/Program Files/Unity/Hub/Editor/2020.2.1f1/Editor/Data/MonoBleedingEdge/etc'
Using monoOptions --debugger-agent=transport=dt_socket,embedding=1,server=y,suspend=n,address=127.0.0.1:56600
Begin MonoManager ReloadAssembly
Registering precompiled unity dll's ...
Register platform support module: C:/Program Files/Unity/Hub/Editor/2020.2.1f1/Editor/Data/PlaybackEngines/MacStandaloneSupport/UnityEditor.OSXStandalone.Extensions.dll
Register platform support module: C:/Program Files/Unity/Hub/Editor/2020.2.1f1/Editor/Data/PlaybackEngines/WindowsStandaloneSupport/UnityEditor.WindowsStandalone.Extensions.dll
Registered in 0.002778 seconds.
Native extension for WindowsStandalone target not found
Native extension for OSXStandalone target not found
Refreshing native plugins compatible for Editor in 24.94 ms, found 0 plugins.
Preloading 0 native plugins for Editor in 0.00 ms.
Invoked RoslynAnalysisRunner static constructor.
RoslynAnalysisRunner will not be running.
RoslynAnalysisRunner has terminated.
Mono: successfully reloaded assembly
- Completed reload, in  1.168 seconds
Platform modules already initialized, skipping
Registering precompiled user dll's ...
Registered in 0.000788 seconds.
Begin MonoManager ReloadAssembly
Native extension for WindowsStandalone target not found
Native extension for OSXStandalone target not found
Refreshing native plugins compatible for Editor in 0.19 ms, found 0 plugins.
Preloading 0 native plugins for Editor in 0.00 ms.
Invoked RoslynAnalysisRunner static constructor.
RoslynAnalysisRunner will not be running.
RoslynAnalysisRunner has terminated.
Mono: successfully reloaded assembly
- Completed reload, in  0.847 seconds
Platform modules already initialized, skipping
========================================================================
Worker process is ready to serve import requests
Launched and connected shader compiler UnityShaderCompiler.exe after 0.04 seconds
Refreshing native plugins compatible for Editor in 0.18 ms, found 0 plugins.
Preloading 0 native plugins for Editor in 0.00 ms.
Unloading 1104 Unused Serialized files (Serialized files now loaded: 0)
System memory in use before: 56.8 MB.
System memory in use after: 56.9 MB.

Unloading 9 unused Assets to reduce memory usage. Loaded Objects now: 1546.
Total: 1.553300 ms (FindLiveObjects: 0.112000 ms CreateObjectMapping: 0.032000 ms MarkObjects: 1.357400 ms  DeleteObjects: 0.050900 ms)

========================================================================
Received Import Request.
  path: Assets/RW/Sounds
  artifactKey: Guid(77f857458f9d6364a9b5e5273cf0d862) Importer(815301076,1909f56bfc062723c751e8b465ee728b)
Start importing Assets/RW/Sounds using Guid(77f857458f9d6364a9b5e5273cf0d862) Importer(815301076,1909f56bfc062723c751e8b465ee728b)  -> (artifact id: 'dc0b11674fa8c634d8932272102d0ee8') in 0.007750 seconds
  Import took 0.009418 seconds .

========================================================================
Received Import Request.
  Time since last request: 15.881002 seconds.
  path: Assets/RW/Scripts/Managers/GameStateManager.cs
  artifactKey: Guid(8195b2eaeb4fcce439ee1f5e74ec8639) Importer(815301076,1909f56bfc062723c751e8b465ee728b)
Start importing Assets/RW/Scripts/Managers/GameStateManager.cs using Guid(8195b2eaeb4fcce439ee1f5e74ec8639) Importer(815301076,1909f56bfc062723c751e8b465ee728b)  -> (artifact id: 'a02c8171fb5f9b4bdfcd75596a2b5f40') in 0.167109 seconds
  Import took 0.169012 seconds .

========================================================================
Received Prepare
Refreshing native plugins compatible for Editor in 3.19 ms, found 0 plugins.
Preloading 0 native plugins for Editor in 0.00 ms.
Unloading 2 Unused Serialized files (Serialized files now loaded: 0)
System memory in use before: 34.9 MB.
System memory in use after: 35.0 MB.

Unloading 2 unused Assets to reduce memory usage. Loaded Objects now: 1546.
Total: 9.327800 ms (FindLiveObjects: 0.807900 ms CreateObjectMapping: 0.138100 ms MarkObjects: 8.365100 ms  DeleteObjects: 0.014500 ms)

========================================================================
Received Prepare
Registering precompiled user dll's ...
Registered in 0.000849 seconds.
Begin MonoManager ReloadAssembly
Native extension for WindowsStandalone target not found
Native extension for OSXStandalone target not found
Refreshing native plugins compatible for Editor in 0.19 ms, found 0 plugins.
Preloading 0 native plugins for Editor in 0.00 ms.
Invoked RoslynAnalysisRunner static constructor.
RoslynAnalysisRunner will not be running.
RoslynAnalysisRunner has terminated.
Mono: successfully reloaded assembly
- Completed reload, in  0.887 seconds
Platform modules already initialized, skipping
Refreshing native plugins compatible for Editor in 0.18 ms, found 0 plugins.
Preloading 0 native plugins for Editor in 0.00 ms.
Unloading 1098 Unused Serialized files (Serialized files now loaded: 0)
System memory in use before: 57.0 MB.
System memory in use after: 57.1 MB.

Unloading 4 unused Assets to reduce memory usage. Loaded Objects now: 1548.
Total: 1.291000 ms (FindLiveObjects: 0.123500 ms CreateObjectMapping: 0.034600 ms MarkObjects: 1.112100 ms  DeleteObjects: 0.019600 ms)

========================================================================
Received Prepare
Registering precompiled user dll's ...
Registered in 0.000772 seconds.
Begin MonoManager ReloadAssembly
Native extension for WindowsStandalone target not found
Native extension for OSXStandalone target not found
Refreshing native plugins compatible for Editor in 0.25 ms, found 0 plugins.
Preloading 0 native plugins for Editor in 0.00 ms.
Invoked RoslynAnalysisRunner static constructor.
RoslynAnalysisRunner will not be running.
RoslynAnalysisRunner has terminated.
Mono: successfully reloaded assembly
- Completed reload, in  0.904 seconds
Platform modules already initialized, skipping
Refreshing native plugins compatible for Editor in 0.18 ms, found 0 plugins.
Preloading 0 native plugins for Editor in 0.00 ms.
Unloading 1098 Unused Serialized files (Serialized files now loaded: 0)
System memory in use before: 57.2 MB.
System memory in use after: 57.3 MB.

Unloading 4 unused Assets to reduce memory usage. Loaded Objects now: 1550.
Total: 1.701500 ms (FindLiveObjects: 0.128800 ms CreateObjectMapping: 0.035800 ms MarkObjects: 1.514900 ms  DeleteObjects: 0.020700 ms)

========================================================================
Received Prepare
Registering precompiled user dll's ...
Registered in 0.000826 seconds.
Begin MonoManager ReloadAssembly
Native extension for WindowsStandalone target not found
Native extension for OSXStandalone target not found
Refreshing native plugins compatible for Editor in 0.19 ms, found 0 plugins.
Preloading 0 native plugins for Editor in 0.00 ms.
Invoked RoslynAnalysisRunner static constructor.
RoslynAnalysisRunner will not be running.
RoslynAnalysisRunner has terminated.
Mono: successfully reloaded assembly
- Completed reload, in  0.860 seconds
Platform modules already initialized, skipping
Refreshing native plugins compatible for Editor in 0.19 ms, found 0 plugins.
Preloading 0 native plugins for Editor in 0.00 ms.
Unloading 1098 Unused Serialized files (Serialized files now loaded: 0)
System memory in use before: 57.4 MB.
System memory in use after: 57.5 MB.

Unloading 4 unused Assets to reduce memory usage. Loaded Objects now: 1552.
Total: 1.533500 ms (FindLiveObjects: 0.120700 ms CreateObjectMapping: 0.034100 ms MarkObjects: 1.359100 ms  DeleteObjects: 0.018300 ms)

========================================================================
Received Prepare
Registering precompiled user dll's ...
Registered in 0.000767 seconds.
Begin MonoManager ReloadAssembly
Native extension for WindowsStandalone target not found
Native extension for OSXStandalone target not found
Refreshing native plugins compatible for Editor in 0.31 ms, found 0 plugins.
Preloading 0 native plugins for Editor in 0.00 ms.
Invoked RoslynAnalysisRunner static constructor.
RoslynAnalysisRunner will not be running.
RoslynAnalysisRunner has terminated.
Mono: successfully reloaded assembly
- Completed reload, in  0.995 seconds
Platform modules already initialized, skipping
Refreshing native plugins compatible for Editor in 0.20 ms, found 0 plugins.
Preloading 0 native plugins for Editor in 0.00 ms.
Unloading 1098 Unused Serialized files (Serialized files now loaded: 0)
System memory in use before: 57.5 MB.
System memory in use after: 57.6 MB.

Unloading 4 unused Assets to reduce memory usage. Loaded Objects now: 1554.
Total: 1.469700 ms (FindLiveObjects: 0.111500 ms CreateObjectMapping: 0.031700 ms MarkObjects: 1.310800 ms  DeleteObjects: 0.014700 ms)

========================================================================
Received Prepare
Registering precompiled user dll's ...
Registered in 0.000841 seconds.
Begin MonoManager ReloadAssembly
Native extension for WindowsStandalone target not found
Native extension for OSXStandalone target not found
Refreshing native plugins compatible for Editor in 0.28 ms, found 0 plugins.
Preloading 0 native plugins for Editor in 0.00 ms.
Invoked RoslynAnalysisRunner static constructor.
RoslynAnalysisRunner will not be running.
RoslynAnalysisRunner has terminated.
Mono: successfully reloaded assembly
- Completed reload, in  0.967 seconds
Platform modules already initialized, skipping
Refreshing native plugins compatible for Editor in 0.19 ms, found 0 plugins.
Preloading 0 native plugins for Editor in 0.00 ms.
Unloading 1099 Unused Serialized files (Serialized files now loaded: 0)
System memory in use before: 57.6 MB.
System memory in use after: 57.7 MB.

Unloading 4 unused Assets to reduce memory usage. Loaded Objects now: 1557.
Total: 1.494000 ms (FindLiveObjects: 0.168600 ms CreateObjectMapping: 0.034700 ms MarkObjects: 1.272600 ms  DeleteObjects: 0.016400 ms)

========================================================================
Received Import Request.
  Time since last request: 668.988416 seconds.
  path: Assets/RW/Scripts/Managers/UIManager.cs
  artifactKey: Guid(1836a424f014b0c4c911eec6ec32923c) Importer(815301076,1909f56bfc062723c751e8b465ee728b)
Start importing Assets/RW/Scripts/Managers/UIManager.cs using Guid(1836a424f014b0c4c911eec6ec32923c) Importer(815301076,1909f56bfc062723c751e8b465ee728b)  -> (artifact id: '6b7f03263738d767001b0dbe37d30d23') in 0.010011 seconds
  Import took 0.011983 seconds .

========================================================================
Received Prepare
Registering precompiled user dll's ...
Registered in 0.000779 seconds.
Begin MonoManager ReloadAssembly
Native extension for WindowsStandalone target not found
Native extension for OSXStandalone target not found
Refreshing native plugins compatible for Editor in 0.18 ms, found 0 plugins.
Preloading 0 native plugins for Editor in 0.00 ms.
Invoked RoslynAnalysisRunner static constructor.
RoslynAnalysisRunner will not be running.
RoslynAnalysisRunner has terminated.
Mono: successfully reloaded assembly
- Completed reload, in  0.827 seconds
Platform modules already initialized, skipping
Refreshing native plugins compatible for Editor in 0.18 ms, found 0 plugins.
Preloading 0 native plugins for Editor in 0.00 ms.
Unloading 1099 Unused Serialized files (Serialized files now loaded: 0)
System memory in use before: 57.8 MB.
System memory in use after: 57.9 MB.

Unloading 4 unused Assets to reduce memory usage. Loaded Objects now: 1559.
Total: 1.334400 ms (FindLiveObjects: 0.123000 ms CreateObjectMapping: 0.034400 ms MarkObjects: 1.160800 ms  DeleteObjects: 0.014600 ms)

========================================================================
Received Import Request.
  Time since last request: 296.575732 seconds.
  path: Assets/RW/Scripts/Managers/UIManager.cs
  artifactKey: Guid(1836a424f014b0c4c911eec6ec32923c) Importer(815301076,1909f56bfc062723c751e8b465ee728b)
Start importing Assets/RW/Scripts/Managers/UIManager.cs using Guid(1836a424f014b0c4c911eec6ec32923c) Importer(815301076,1909f56bfc062723c751e8b465ee728b)  -> (artifact id: '798ffdf93430a06832386165358c2c4a') in 0.006584 seconds
  Import took 0.008456 seconds .

========================================================================
Received Prepare
Registering precompiled user dll's ...
Registered in 0.000906 seconds.
Begin MonoManager ReloadAssembly
Native extension for WindowsStandalone target not found
Native extension for OSXStandalone target not found
Refreshing native plugins compatible for Editor in 0.18 ms, found 0 plugins.
Preloading 0 native plugins for Editor in 0.00 ms.
Invoked RoslynAnalysisRunner static constructor.
RoslynAnalysisRunner will not be running.
RoslynAnalysisRunner has terminated.
Mono: successfully reloaded assembly
- Completed reload, in  0.839 seconds
Platform modules already initialized, skipping
Refreshing native plugins compatible for Editor in 0.18 ms, found 0 plugins.
Preloading 0 native plugins for Editor in 0.00 ms.
Unloading 1099 Unused Serialized files (Serialized files now loaded: 0)
System memory in use before: 58.0 MB.
System memory in use after: 58.1 MB.

Unloading 4 unused Assets to reduce memory usage. Loaded Objects now: 1561.
Total: 1.408900 ms (FindLiveObjects: 0.112500 ms CreateObjectMapping: 0.031300 ms MarkObjects: 1.250100 ms  DeleteObjects: 0.013800 ms)

========================================================================
Received Prepare
Registering precompiled user dll's ...
Registered in 0.000810 seconds.
Begin MonoManager ReloadAssembly
Native extension for WindowsStandalone target not found
Native extension for OSXStandalone target not found
Refreshing native plugins compatible for Editor in 0.19 ms, found 0 plugins.
Preloading 0 native plugins for Editor in 0.00 ms.
Invoked RoslynAnalysisRunner static constructor.
RoslynAnalysisRunner will not be running.
RoslynAnalysisRunner has terminated.
Mono: successfully reloaded assembly
- Completed reload, in  0.802 seconds
Platform modules already initialized, skipping
Refreshing native plugins compatible for Editor in 0.18 ms, found 0 plugins.
Preloading 0 native plugins for Editor in 0.00 ms.
Unloading 1099 Unused Serialized files (Serialized files now loaded: 0)
System memory in use before: 58.2 MB.
System memory in use after: 58.3 MB.

Unloading 4 unused Assets to reduce memory usage. Loaded Objects now: 1563.
Total: 1.463200 ms (FindLiveObjects: 0.119300 ms CreateObjectMapping: 0.033900 ms MarkObjects: 1.292400 ms  DeleteObjects: 0.016300 ms)

========================================================================
Received Prepare
Registering precompiled user dll's ...
Registered in 0.001461 seconds.
Begin MonoManager ReloadAssembly
Native extension for WindowsStandalone target not found
Native extension for OSXStandalone target not found
Refreshing native plugins compatible for Editor in 0.19 ms, found 0 plugins.
Preloading 0 native plugins for Editor in 0.00 ms.
Invoked RoslynAnalysisRunner static constructor.
RoslynAnalysisRunner will not be running.
RoslynAnalysisRunner has terminated.
Mono: successfully reloaded assembly
- Completed reload, in  0.851 seconds
Platform modules already initialized, skipping
Refreshing native plugins compatible for Editor in 0.18 ms, found 0 plugins.
Preloading 0 native plugins for Editor in 0.00 ms.
Unloading 1099 Unused Serialized files (Serialized files now loaded: 0)
System memory in use before: 58.3 MB.
System memory in use after: 58.4 MB.

Unloading 4 unused Assets to reduce memory usage. Loaded Objects now: 1565.
Total: 2.078000 ms (FindLiveObjects: 0.120300 ms CreateObjectMapping: 0.034800 ms MarkObjects: 1.895300 ms  DeleteObjects: 0.025500 ms)

========================================================================
Received Prepare
Registering precompiled user dll's ...
Registered in 0.000918 seconds.
Begin MonoManager ReloadAssembly
Native extension for WindowsStandalone target not found
Native extension for OSXStandalone target not found
Refreshing native plugins compatible for Editor in 0.19 ms, found 0 plugins.
Preloading 0 native plugins for Editor in 0.00 ms.
Invoked RoslynAnalysisRunner static constructor.
RoslynAnalysisRunner will not be running.
RoslynAnalysisRunner has terminated.
Mono: successfully reloaded assembly
- Completed reload, in  1.050 seconds
Platform modules already initialized, skipping
Refreshing native plugins compatible for Editor in 0.19 ms, found 0 plugins.
Preloading 0 native plugins for Editor in 0.00 ms.
Unloading 1099 Unused Serialized files (Serialized files now loaded: 0)
System memory in use before: 58.5 MB.
System memory in use after: 58.6 MB.

Unloading 4 unused Assets to reduce memory usage. Loaded Objects now: 1567.
Total: 1.465900 ms (FindLiveObjects: 0.119400 ms CreateObjectMapping: 0.035800 ms MarkObjects: 1.294700 ms  DeleteObjects: 0.014900 ms)

========================================================================
Received Prepare
Registering precompiled user dll's ...
Registered in 0.000776 seconds.
Begin MonoManager ReloadAssembly
Native extension for WindowsStandalone target not found
Native extension for OSXStandalone target not found
Refreshing native plugins compatible for Editor in 0.18 ms, found 0 plugins.
Preloading 0 native plugins for Editor in 0.00 ms.
Invoked RoslynAnalysisRunner static constructor.
RoslynAnalysisRunner will not be running.
RoslynAnalysisRunner has terminated.
Mono: successfully reloaded assembly
- Completed reload, in  0.851 seconds
Platform modules already initialized, skipping
Refreshing native plugins compatible for Editor in 0.18 ms, found 0 plugins.
Preloading 0 native plugins for Editor in 0.00 ms.
Unloading 1099 Unused Serialized files (Serialized files now loaded: 0)
System memory in use before: 58.6 MB.
System memory in use after: 58.7 MB.

Unloading 4 unused Assets to reduce memory usage. Loaded Objects now: 1569.
Total: 1.282200 ms (FindLiveObjects: 0.117900 ms CreateObjectMapping: 0.034600 ms MarkObjects: 1.110000 ms  DeleteObjects: 0.018600 ms)

========================================================================
Received Prepare
Registering precompiled user dll's ...
Registered in 0.000796 seconds.
Begin MonoManager ReloadAssembly
Native extension for WindowsStandalone target not found
Native extension for OSXStandalone target not found
Refreshing native plugins compatible for Editor in 0.19 ms, found 0 plugins.
Preloading 0 native plugins for Editor in 0.00 ms.
Invoked RoslynAnalysisRunner static constructor.
RoslynAnalysisRunner will not be running.
RoslynAnalysisRunner has terminated.
Mono: successfully reloaded assembly
- Completed reload, in  0.813 seconds
Platform modules already initialized, skipping
Refreshing native plugins compatible for Editor in 0.18 ms, found 0 plugins.
Preloading 0 native plugins for Editor in 0.00 ms.
Unloading 1099 Unused Serialized files (Serialized files now loaded: 0)
System memory in use before: 58.7 MB.
System memory in use after: 58.8 MB.

Unloading 4 unused Assets to reduce memory usage. Loaded Objects now: 1571.
Total: 1.446800 ms (FindLiveObjects: 0.122700 ms CreateObjectMapping: 0.035700 ms MarkObjects: 1.273300 ms  DeleteObjects: 0.014000 ms)

========================================================================
Received Import Request.
  Time since last request: 968.097459 seconds.
  path: Assets/RW/Prefabs/Sheep.prefab
  artifactKey: Guid(21dff9f7e7bcd3b45afb444524dde3ed) Importer(815301076,1909f56bfc062723c751e8b465ee728b)
Start importing Assets/RW/Prefabs/Sheep.prefab using Guid(21dff9f7e7bcd3b45afb444524dde3ed) Importer(815301076,1909f56bfc062723c751e8b465ee728b)  -> (artifact id: '186612c4af6528436ce1b13a7258443b') in 0.102070 seconds
  Import took 0.105337 seconds .

========================================================================
Received Prepare
Registering precompiled user dll's ...
Registered in 0.000796 seconds.
Begin MonoManager ReloadAssembly
Native extension for WindowsStandalone target not found
Native extension for OSXStandalone target not found
Refreshing native plugins compatible for Editor in 0.20 ms, found 0 plugins.
Preloading 0 native plugins for Editor in 0.00 ms.
Invoked RoslynAnalysisRunner static constructor.
RoslynAnalysisRunner will not be running.
RoslynAnalysisRunner has terminated.
Mono: successfully reloaded assembly
- Completed reload, in  1.112 seconds
Platform modules already initialized, skipping
Refreshing native plugins compatible for Editor in 0.19 ms, found 0 plugins.
Preloading 0 native plugins for Editor in 0.00 ms.
Unloading 1099 Unused Serialized files (Serialized files now loaded: 0)
System memory in use before: 61.0 MB.
System memory in use after: 61.1 MB.

Unloading 4 unused Assets to reduce memory usage. Loaded Objects now: 1580.
Total: 1.749000 ms (FindLiveObjects: 0.138700 ms CreateObjectMapping: 0.038000 ms MarkObjects: 1.550000 ms  DeleteObjects: 0.020600 ms)

========================================================================
Received Import Request.
  Time since last request: 94.756503 seconds.
  path: Assets/RW/Textures/MaterialColors.png
  artifactKey: Guid(d4fdd9f191161b547bd649248a289040) Importer(815301076,1909f56bfc062723c751e8b465ee728b)
Start importing Assets/RW/Textures/MaterialColors.png using Guid(d4fdd9f191161b547bd649248a289040) Importer(815301076,1909f56bfc062723c751e8b465ee728b)  -> (artifact id: '5695c05e97a1182e0e592fbdab7a9817') in 0.140484 seconds
  Import took 0.142506 seconds .

========================================================================
Received Import Request.
  Time since last request: 0.000507 seconds.
  path: Assets/RW/Sprites/Sprites.png
  artifactKey: Guid(facfe732c6a2e9841b725dda303d05b0) Importer(815301076,1909f56bfc062723c751e8b465ee728b)
Start importing Assets/RW/Sprites/Sprites.png using Guid(facfe732c6a2e9841b725dda303d05b0) Importer(815301076,1909f56bfc062723c751e8b465ee728b)  -> (artifact id: '0782cfd2c8cfe97e2c653ad69bb93b17') in 0.051128 seconds
  Import took 0.053269 seconds .

========================================================================
Received Import Request.
  Time since last request: 0.000174 seconds.
  path: Assets/RW/Textures/MaterialColors.png
  artifactKey: Guid(d4fdd9f191161b547bd649248a289040) Importer(815301076,1909f56bfc062723c751e8b465ee728b)
Start importing Assets/RW/Textures/MaterialColors.png using Guid(d4fdd9f191161b547bd649248a289040) Importer(815301076,1909f56bfc062723c751e8b465ee728b)  -> (artifact id: '5695c05e97a1182e0e592fbdab7a9817') in 0.017480 seconds
  Import took 0.019331 seconds .

========================================================================
Received Import Request.
  Time since last request: 0.000170 seconds.
  path: Assets/RW/Sprites/Sprites.png
  artifactKey: Guid(facfe732c6a2e9841b725dda303d05b0) Importer(815301076,1909f56bfc062723c751e8b465ee728b)
Start importing Assets/RW/Sprites/Sprites.png using Guid(facfe732c6a2e9841b725dda303d05b0) Importer(815301076,1909f56bfc062723c751e8b465ee728b)  -> (artifact id: '0782cfd2c8cfe97e2c653ad69bb93b17') in 0.026728 seconds
  Import took 0.028785 seconds .

========================================================================
Received Import Request.
  Time since last request: 119.059596 seconds.
  path: Assets/RW/Materials
  artifactKey: Guid(f8f20bcce2d9f8b4dbe5fd27b498fa6c) Importer(815301076,1909f56bfc062723c751e8b465ee728b)
Start importing Assets/RW/Materials using Guid(f8f20bcce2d9f8b4dbe5fd27b498fa6c) Importer(815301076,1909f56bfc062723c751e8b465ee728b)  -> (artifact id: '5a6a8f3b7b9cb708b9f8abe15619b588') in 0.013763 seconds
  Import took 0.016221 seconds .

========================================================================
Received Import Request.
  Time since last request: 124.241590 seconds.
  path: Assets/RW/Prefabs/BlackSheep.prefab
  artifactKey: Guid(45217e52774c3464bb8a38c4ce18c460) Importer(815301076,1909f56bfc062723c751e8b465ee728b)
Start importing Assets/RW/Prefabs/BlackSheep.prefab using Guid(45217e52774c3464bb8a38c4ce18c460) Importer(815301076,1909f56bfc062723c751e8b465ee728b)  -> (artifact id: '212b0045d6dc43cf4da9579a08aad390') in 0.046818 seconds
  Import took 0.049332 seconds .

========================================================================
Received Import Request.
  Time since last request: 46.837355 seconds.
  path: Assets/RW/Scripts/SheepSpawner.cs
  artifactKey: Guid(bcbccf5d67dde8648b607a2d199e1779) Importer(815301076,1909f56bfc062723c751e8b465ee728b)
Start importing Assets/RW/Scripts/SheepSpawner.cs using Guid(bcbccf5d67dde8648b607a2d199e1779) Importer(815301076,1909f56bfc062723c751e8b465ee728b)  -> (artifact id: 'acf83b6e05a28b115d39288915ee15ec') in 0.013053 seconds
  Import took 0.016145 seconds .

========================================================================
Received Prepare
Registering precompiled user dll's ...
Registered in 0.001448 seconds.
Begin MonoManager ReloadAssembly
Native extension for WindowsStandalone target not found
Native extension for OSXStandalone target not found
Refreshing native plugins compatible for Editor in 0.19 ms, found 0 plugins.
Preloading 0 native plugins for Editor in 0.00 ms.
Invoked RoslynAnalysisRunner static constructor.
RoslynAnalysisRunner will not be running.
RoslynAnalysisRunner has terminated.
Mono: successfully reloaded assembly
- Completed reload, in  1.107 seconds
Platform modules already initialized, skipping
Refreshing native plugins compatible for Editor in 0.18 ms, found 0 plugins.
Preloading 0 native plugins for Editor in 0.00 ms.
Unloading 1099 Unused Serialized files (Serialized files now loaded: 0)
System memory in use before: 61.2 MB.
System memory in use after: 61.3 MB.

Unloading 4 unused Assets to reduce memory usage. Loaded Objects now: 1587.
Total: 1.329800 ms (FindLiveObjects: 0.122500 ms CreateObjectMapping: 0.032400 ms MarkObjects: 1.159200 ms  DeleteObjects: 0.014700 ms)

========================================================================
Received Prepare
Registering precompiled user dll's ...
Registered in 0.000771 seconds.
Begin MonoManager ReloadAssembly
Native extension for WindowsStandalone target not found
Native extension for OSXStandalone target not found
Refreshing native plugins compatible for Editor in 0.19 ms, found 0 plugins.
Preloading 0 native plugins for Editor in 0.00 ms.
Invoked RoslynAnalysisRunner static constructor.
RoslynAnalysisRunner will not be running.
RoslynAnalysisRunner has terminated.
Mono: successfully reloaded assembly
- Completed reload, in  0.891 seconds
Platform modules already initialized, skipping
Refreshing native plugins compatible for Editor in 0.19 ms, found 0 plugins.
Preloading 0 native plugins for Editor in 0.00 ms.
Unloading 1099 Unused Serialized files (Serialized files now loaded: 0)
System memory in use before: 61.4 MB.
System memory in use after: 61.5 MB.

Unloading 4 unused Assets to reduce memory usage. Loaded Objects now: 1589.
Total: 1.794100 ms (FindLiveObjects: 0.159000 ms CreateObjectMapping: 0.039800 ms MarkObjects: 1.565000 ms  DeleteObjects: 0.028800 ms)

========================================================================
Received Prepare
Registering precompiled user dll's ...
Registered in 0.000767 seconds.
Begin MonoManager ReloadAssembly
Native extension for WindowsStandalone target not found
Native extension for OSXStandalone target not found
Refreshing native plugins compatible for Editor in 0.19 ms, found 0 plugins.
Preloading 0 native plugins for Editor in 0.00 ms.
Invoked RoslynAnalysisRunner static constructor.
RoslynAnalysisRunner will not be running.
RoslynAnalysisRunner has terminated.
Mono: successfully reloaded assembly
- Completed reload, in  0.835 seconds
Platform modules already initialized, skipping
Refreshing native plugins compatible for Editor in 0.19 ms, found 0 plugins.
Preloading 0 native plugins for Editor in 0.00 ms.
Unloading 1099 Unused Serialized files (Serialized files now loaded: 0)
System memory in use before: 61.5 MB.
System memory in use after: 61.6 MB.

Unloading 4 unused Assets to reduce memory usage. Loaded Objects now: 1591.
Total: 1.350400 ms (FindLiveObjects: 0.115200 ms CreateObjectMapping: 0.032600 ms MarkObjects: 1.185900 ms  DeleteObjects: 0.015200 ms)

========================================================================
Received Prepare
Registering precompiled user dll's ...
Registered in 0.000811 seconds.
Begin MonoManager ReloadAssembly
Native extension for WindowsStandalone target not found
Native extension for OSXStandalone target not found
Refreshing native plugins compatible for Editor in 0.20 ms, found 0 plugins.
Preloading 0 native plugins for Editor in 0.00 ms.
Invoked RoslynAnalysisRunner static constructor.
RoslynAnalysisRunner will not be running.
RoslynAnalysisRunner has terminated.
Mono: successfully reloaded assembly
- Completed reload, in  0.759 seconds
Platform modules already initialized, skipping
Refreshing native plugins compatible for Editor in 0.27 ms, found 0 plugins.
Preloading 0 native plugins for Editor in 0.00 ms.
Unloading 1099 Unused Serialized files (Serialized files now loaded: 0)
System memory in use before: 61.7 MB.
System memory in use after: 61.8 MB.

Unloading 4 unused Assets to reduce memory usage. Loaded Objects now: 1593.
Total: 1.329900 ms (FindLiveObjects: 0.119500 ms CreateObjectMapping: 0.031900 ms MarkObjects: 1.163200 ms  DeleteObjects: 0.013900 ms)

========================================================================
Received Prepare
Registering precompiled user dll's ...
Registered in 0.000933 seconds.
Begin MonoManager ReloadAssembly
Native extension for WindowsStandalone target not found
Native extension for OSXStandalone target not found
Refreshing native plugins compatible for Editor in 0.40 ms, found 0 plugins.
Preloading 0 native plugins for Editor in 0.00 ms.
Invoked RoslynAnalysisRunner static constructor.
RoslynAnalysisRunner will not be running.
RoslynAnalysisRunner has terminated.
Mono: successfully reloaded assembly
- Completed reload, in  0.940 seconds
Platform modules already initialized, skipping
Refreshing native plugins compatible for Editor in 0.22 ms, found 0 plugins.
Preloading 0 native plugins for Editor in 0.00 ms.
Unloading 1099 Unused Serialized files (Serialized files now loaded: 0)
System memory in use before: 61.8 MB.
System memory in use after: 61.9 MB.

Unloading 4 unused Assets to reduce memory usage. Loaded Objects now: 1595.
Total: 1.555700 ms (FindLiveObjects: 0.119600 ms CreateObjectMapping: 0.033800 ms MarkObjects: 1.385800 ms  DeleteObjects: 0.015300 ms)

========================================================================
Received Import Request.
  Time since last request: 621.319343 seconds.
  path: Assets/RW/Scripts/Sheep.cs
  artifactKey: Guid(d330f4359979e3e42b03a1edd2497538) Importer(815301076,1909f56bfc062723c751e8b465ee728b)
Start importing Assets/RW/Scripts/Sheep.cs using Guid(d330f4359979e3e42b03a1edd2497538) Importer(815301076,1909f56bfc062723c751e8b465ee728b)  -> (artifact id: '4adcd92e4b89f2a3fb593f31c8afe67d') in 0.009087 seconds
  Import took 0.011241 seconds .

========================================================================
Received Prepare
Registering precompiled user dll's ...
Registered in 0.000826 seconds.
Begin MonoManager ReloadAssembly
Native extension for WindowsStandalone target not found
Native extension for OSXStandalone target not found
Refreshing native plugins compatible for Editor in 0.41 ms, found 0 plugins.
Preloading 0 native plugins for Editor in 0.00 ms.
Invoked RoslynAnalysisRunner static constructor.
RoslynAnalysisRunner will not be running.
RoslynAnalysisRunner has terminated.
Mono: successfully reloaded assembly
- Completed reload, in  0.814 seconds
Platform modules already initialized, skipping
Refreshing native plugins compatible for Editor in 0.19 ms, found 0 plugins.
Preloading 0 native plugins for Editor in 0.00 ms.
Unloading 1099 Unused Serialized files (Serialized files now loaded: 0)
System memory in use before: 61.0 MB.
System memory in use after: 61.1 MB.

Unloading 4 unused Assets to reduce memory usage. Loaded Objects now: 1597.
Total: 1.445100 ms (FindLiveObjects: 0.122800 ms CreateObjectMapping: 0.033200 ms MarkObjects: 1.273000 ms  DeleteObjects: 0.014600 ms)

========================================================================
Received Import Request.
  Time since last request: 194.657590 seconds.
  path: Assets/RW/Scripts/Sheep.cs
  artifactKey: Guid(d330f4359979e3e42b03a1edd2497538) Importer(815301076,1909f56bfc062723c751e8b465ee728b)
Start importing Assets/RW/Scripts/Sheep.cs using Guid(d330f4359979e3e42b03a1edd2497538) Importer(815301076,1909f56bfc062723c751e8b465ee728b)  -> (artifact id: '0976b382ac08d33fc2bb727e50f2e8c5') in 0.004824 seconds
  Import took 0.006513 seconds .

========================================================================
Received Import Request.
  Time since last request: 6.943064 seconds.
  path: ProjectSettings/TagManager.asset
  artifactKey: Guid(00000000000000003000000000000000) Importer(815301076,1909f56bfc062723c751e8b465ee728b)
Start importing ProjectSettings/TagManager.asset using Guid(00000000000000003000000000000000) Importer(815301076,1909f56bfc062723c751e8b465ee728b)  -> (artifact id: 'bffba509239caa87138c79cf299fde31') in 0.018093 seconds
  Import took 0.020193 seconds .

========================================================================
Received Import Request.
  Time since last request: 29.900629 seconds.
  path: Assets/RW/Prefabs/BlackSheep.prefab
  artifactKey: Guid(45217e52774c3464bb8a38c4ce18c460) Importer(815301076,1909f56bfc062723c751e8b465ee728b)
Start importing Assets/RW/Prefabs/BlackSheep.prefab using Guid(45217e52774c3464bb8a38c4ce18c460) Importer(815301076,1909f56bfc062723c751e8b465ee728b)  -> (artifact id: '63de026b3bbf7ae00a9ed07a33757a4c') in 0.061829 seconds
  Import took 0.064506 seconds .

========================================================================
Received Import Request.
  Time since last request: 2.000394 seconds.
  path: Assets/RW/Prefabs/Hay Machine.prefab
  artifactKey: Guid(c91d458c12526534eb19d65378204353) Importer(815301076,1909f56bfc062723c751e8b465ee728b)
Start importing Assets/RW/Prefabs/Hay Machine.prefab using Guid(c91d458c12526534eb19d65378204353) Importer(815301076,1909f56bfc062723c751e8b465ee728b)  -> (artifact id: 'f2032aa756dfadac4d0db91fbd8eb552') in 0.026144 seconds
  Import took 0.028160 seconds .

========================================================================
Received Import Request.
  Time since last request: 2.658111 seconds.
  path: Assets/RW/Prefabs/Hay Machine.prefab
  artifactKey: Guid(c91d458c12526534eb19d65378204353) Importer(815301076,1909f56bfc062723c751e8b465ee728b)
Start importing Assets/RW/Prefabs/Hay Machine.prefab using Guid(c91d458c12526534eb19d65378204353) Importer(815301076,1909f56bfc062723c751e8b465ee728b)  -> (artifact id: '2ca032cefc1c7f02f923cf001a253ffc') in 0.028311 seconds
  Import took 0.032007 seconds .

========================================================================
Received Import Request.
  Time since last request: 8.429087 seconds.
  path: Assets/RW/Prefabs/Smoke Particles.prefab
  artifactKey: Guid(7928344c9a39fbd4eb4c957288e1140b) Importer(815301076,1909f56bfc062723c751e8b465ee728b)
Start importing Assets/RW/Prefabs/Smoke Particles.prefab using Guid(7928344c9a39fbd4eb4c957288e1140b) Importer(815301076,1909f56bfc062723c751e8b465ee728b)  -> (artifact id: 'a4b1bd5243d9e2c6b0728aa6d7809e87') in 0.010788 seconds
  Import took 0.013133 seconds .

========================================================================
Received Import Request.
  Time since last request: 0.012882 seconds.
  path: Assets/RW/Prefabs/Smoke Particles.prefab
  artifactKey: Guid(7928344c9a39fbd4eb4c957288e1140b) Importer(815301076,1909f56bfc062723c751e8b465ee728b)
Start importing Assets/RW/Prefabs/Smoke Particles.prefab using Guid(7928344c9a39fbd4eb4c957288e1140b) Importer(815301076,1909f56bfc062723c751e8b465ee728b)  -> (artifact id: 'a4b1bd5243d9e2c6b0728aa6d7809e87') in 0.007395 seconds
  Import took 0.009791 seconds .

========================================================================
Received Import Request.
  Time since last request: 7.876196 seconds.
  path: Assets/RW/Prefabs/Hay Machine.prefab
  artifactKey: Guid(c91d458c12526534eb19d65378204353) Importer(815301076,1909f56bfc062723c751e8b465ee728b)
Start importing Assets/RW/Prefabs/Hay Machine.prefab using Guid(c91d458c12526534eb19d65378204353) Importer(815301076,1909f56bfc062723c751e8b465ee728b)  -> (artifact id: 'acade1a15426ad9e7eb25162f4c8a0bd') in 0.024549 seconds
  Import took 0.027095 seconds .

========================================================================
Received Import Request.
  Time since last request: 5.398292 seconds.
  path: Assets/RW/Prefabs/Sheep.prefab
  artifactKey: Guid(21dff9f7e7bcd3b45afb444524dde3ed) Importer(815301076,1909f56bfc062723c751e8b465ee728b)
Start importing Assets/RW/Prefabs/Sheep.prefab using Guid(21dff9f7e7bcd3b45afb444524dde3ed) Importer(815301076,1909f56bfc062723c751e8b465ee728b)  -> (artifact id: 'f48b07029330f3acd3a1d070a0afb45c') in 0.016808 seconds
  Import took 0.019148 seconds .

========================================================================
Received Prepare
Registering precompiled user dll's ...
Registered in 0.000888 seconds.
Begin MonoManager ReloadAssembly
Native extension for WindowsStandalone target not found
Native extension for OSXStandalone target not found
Refreshing native plugins compatible for Editor in 0.46 ms, found 0 plugins.
Preloading 0 native plugins for Editor in 0.00 ms.
Invoked RoslynAnalysisRunner static constructor.
RoslynAnalysisRunner will not be running.
RoslynAnalysisRunner has terminated.
Mono: successfully reloaded assembly
- Completed reload, in  1.191 seconds
Platform modules already initialized, skipping
Refreshing native plugins compatible for Editor in 0.58 ms, found 0 plugins.
Preloading 0 native plugins for Editor in 0.00 ms.
Unloading 1099 Unused Serialized files (Serialized files now loaded: 0)
System memory in use before: 61.2 MB.
System memory in use after: 61.3 MB.

Unloading 6 unused Assets to reduce memory usage. Loaded Objects now: 1600.
Total: 1.512300 ms (FindLiveObjects: 0.120000 ms CreateObjectMapping: 0.039800 ms MarkObjects: 1.331300 ms  DeleteObjects: 0.019900 ms)

========================================================================
Received Prepare
Registering precompiled user dll's ...
Registered in 0.001225 seconds.
Begin MonoManager ReloadAssembly
Native extension for WindowsStandalone target not found
Native extension for OSXStandalone target not found
Refreshing native plugins compatible for Editor in 0.22 ms, found 0 plugins.
Preloading 0 native plugins for Editor in 0.00 ms.
Invoked RoslynAnalysisRunner static constructor.
RoslynAnalysisRunner will not be running.
RoslynAnalysisRunner has terminated.
Mono: successfully reloaded assembly
- Completed reload, in  0.830 seconds
Platform modules already initialized, skipping
Refreshing native plugins compatible for Editor in 0.18 ms, found 0 plugins.
Preloading 0 native plugins for Editor in 0.00 ms.
Unloading 1099 Unused Serialized files (Serialized files now loaded: 0)
System memory in use before: 61.3 MB.
System memory in use after: 61.4 MB.

Unloading 4 unused Assets to reduce memory usage. Loaded Objects now: 1602.
Total: 2.687400 ms (FindLiveObjects: 0.253200 ms CreateObjectMapping: 0.039200 ms MarkObjects: 2.374200 ms  DeleteObjects: 0.019000 ms)

========================================================================
Received Prepare
Registering precompiled user dll's ...
Registered in 0.000786 seconds.
Begin MonoManager ReloadAssembly
Native extension for WindowsStandalone target not found
Native extension for OSXStandalone target not found
Refreshing native plugins compatible for Editor in 0.20 ms, found 0 plugins.
Preloading 0 native plugins for Editor in 0.00 ms.
Invoked RoslynAnalysisRunner static constructor.
RoslynAnalysisRunner will not be running.
RoslynAnalysisRunner has terminated.
Mono: successfully reloaded assembly
- Completed reload, in  1.057 seconds
Platform modules already initialized, skipping
Refreshing native plugins compatible for Editor in 0.18 ms, found 0 plugins.
Preloading 0 native plugins for Editor in 0.00 ms.
Unloading 1099 Unused Serialized files (Serialized files now loaded: 0)
System memory in use before: 61.5 MB.
System memory in use after: 61.6 MB.

Unloading 4 unused Assets to reduce memory usage. Loaded Objects now: 1604.
Total: 1.728500 ms (FindLiveObjects: 0.443200 ms CreateObjectMapping: 0.047300 ms MarkObjects: 1.222400 ms  DeleteObjects: 0.014000 ms)

========================================================================
Received Prepare
Registering precompiled user dll's ...
Registered in 0.001533 seconds.
Begin MonoManager ReloadAssembly
Native extension for WindowsStandalone target not found
Native extension for OSXStandalone target not found
Refreshing native plugins compatible for Editor in 0.19 ms, found 0 plugins.
Preloading 0 native plugins for Editor in 0.00 ms.
Invoked RoslynAnalysisRunner static constructor.
RoslynAnalysisRunner will not be running.
RoslynAnalysisRunner has terminated.
Mono: successfully reloaded assembly
- Completed reload, in  1.121 seconds
Platform modules already initialized, skipping
Refreshing native plugins compatible for Editor in 0.18 ms, found 0 plugins.
Preloading 0 native plugins for Editor in 0.00 ms.
Unloading 1099 Unused Serialized files (Serialized files now loaded: 0)
System memory in use before: 61.6 MB.
System memory in use after: 61.7 MB.

Unloading 4 unused Assets to reduce memory usage. Loaded Objects now: 1606.
Total: 1.831500 ms (FindLiveObjects: 0.126500 ms CreateObjectMapping: 0.038500 ms MarkObjects: 1.648500 ms  DeleteObjects: 0.016700 ms)

========================================================================
Received Prepare
Registering precompiled user dll's ...
Registered in 0.001404 seconds.
Begin MonoManager ReloadAssembly
Native extension for WindowsStandalone target not found
Native extension for OSXStandalone target not found
Refreshing native plugins compatible for Editor in 0.21 ms, found 0 plugins.
Preloading 0 native plugins for Editor in 0.00 ms.
Invoked RoslynAnalysisRunner static constructor.
RoslynAnalysisRunner will not be running.
RoslynAnalysisRunner has terminated.
Mono: successfully reloaded assembly
- Completed reload, in  0.948 seconds
Platform modules already initialized, skipping
Refreshing native plugins compatible for Editor in 0.18 ms, found 0 plugins.
Preloading 0 native plugins for Editor in 0.00 ms.
Unloading 1099 Unused Serialized files (Serialized files now loaded: 0)
System memory in use before: 61.8 MB.
System memory in use after: 61.9 MB.

Unloading 4 unused Assets to reduce memory usage. Loaded Objects now: 1608.
Total: 1.379800 ms (FindLiveObjects: 0.130200 ms CreateObjectMapping: 0.034700 ms MarkObjects: 1.198700 ms  DeleteObjects: 0.015000 ms)

========================================================================
Received Prepare
Registering precompiled user dll's ...
Registered in 0.000813 seconds.
Begin MonoManager ReloadAssembly
Native extension for WindowsStandalone target not found
Native extension for OSXStandalone target not found
Refreshing native plugins compatible for Editor in 0.19 ms, found 0 plugins.
Preloading 0 native plugins for Editor in 0.00 ms.
Invoked RoslynAnalysisRunner static constructor.
RoslynAnalysisRunner will not be running.
RoslynAnalysisRunner has terminated.
Mono: successfully reloaded assembly
- Completed reload, in  0.799 seconds
Platform modules already initialized, skipping
Refreshing native plugins compatible for Editor in 0.20 ms, found 0 plugins.
Preloading 0 native plugins for Editor in 0.00 ms.
Unloading 1112 Unused Serialized files (Serialized files now loaded: 0)
System memory in use before: 63.6 MB.
System memory in use after: 63.1 MB.

Unloading 17 unused Assets to reduce memory usage. Loaded Objects now: 1610.
Total: 1.869600 ms (FindLiveObjects: 0.146000 ms CreateObjectMapping: 0.038900 ms MarkObjects: 1.419700 ms  DeleteObjects: 0.263500 ms)

========================================================================
Received Prepare
Registering precompiled user dll's ...
Registered in 0.000842 seconds.
Begin MonoManager ReloadAssembly
Native extension for WindowsStandalone target not found
Native extension for OSXStandalone target not found
Refreshing native plugins compatible for Editor in 0.19 ms, found 0 plugins.
Preloading 0 native plugins for Editor in 0.00 ms.
Invoked RoslynAnalysisRunner static constructor.
RoslynAnalysisRunner will not be running.
RoslynAnalysisRunner has terminated.
Mono: successfully reloaded assembly
- Completed reload, in  0.715 seconds
Platform modules already initialized, skipping
Refreshing native plugins compatible for Editor in 0.25 ms, found 0 plugins.
Preloading 0 native plugins for Editor in 0.00 ms.
Unloading 1112 Unused Serialized files (Serialized files now loaded: 0)
System memory in use before: 62.8 MB.
System memory in use after: 62.3 MB.

Unloading 17 unused Assets to reduce memory usage. Loaded Objects now: 1612.
Total: 2.571600 ms (FindLiveObjects: 0.146000 ms CreateObjectMapping: 0.048800 ms MarkObjects: 2.061900 ms  DeleteObjects: 0.313300 ms)

========================================================================
Received Prepare
Registering precompiled user dll's ...
Registered in 0.000826 seconds.
Begin MonoManager ReloadAssembly
Native extension for WindowsStandalone target not found
Native extension for OSXStandalone target not found
Refreshing native plugins compatible for Editor in 0.19 ms, found 0 plugins.
Preloading 0 native plugins for Editor in 0.00 ms.
Invoked RoslynAnalysisRunner static constructor.
RoslynAnalysisRunner will not be running.
RoslynAnalysisRunner has terminated.
Mono: successfully reloaded assembly
- Completed reload, in  0.762 seconds
Platform modules already initialized, skipping
Refreshing native plugins compatible for Editor in 0.19 ms, found 0 plugins.
Preloading 0 native plugins for Editor in 0.00 ms.
Unloading 1112 Unused Serialized files (Serialized files now loaded: 0)
System memory in use before: 63.0 MB.
System memory in use after: 62.5 MB.

Unloading 17 unused Assets to reduce memory usage. Loaded Objects now: 1614.
Total: 1.625000 ms (FindLiveObjects: 0.154800 ms CreateObjectMapping: 0.040800 ms MarkObjects: 1.160100 ms  DeleteObjects: 0.268100 ms)

========================================================================
Received Prepare
Registering precompiled user dll's ...
Registered in 0.002407 seconds.
Begin MonoManager ReloadAssembly
Native extension for WindowsStandalone target not found
Native extension for OSXStandalone target not found
Refreshing native plugins compatible for Editor in 0.19 ms, found 0 plugins.
Preloading 0 native plugins for Editor in 0.00 ms.
Invoked RoslynAnalysisRunner static constructor.
RoslynAnalysisRunner will not be running.
RoslynAnalysisRunner has terminated.
Mono: successfully reloaded assembly
- Completed reload, in  0.771 seconds
Platform modules already initialized, skipping
Refreshing native plugins compatible for Editor in 0.19 ms, found 0 plugins.
Preloading 0 native plugins for Editor in 0.00 ms.
Unloading 1112 Unused Serialized files (Serialized files now loaded: 0)
System memory in use before: 63.1 MB.
System memory in use after: 62.7 MB.

Unloading 17 unused Assets to reduce memory usage. Loaded Objects now: 1616.
Total: 1.817600 ms (FindLiveObjects: 0.140900 ms CreateObjectMapping: 0.107000 ms MarkObjects: 1.284900 ms  DeleteObjects: 0.283600 ms)

========================================================================
Received Prepare
Registering precompiled user dll's ...
Registered in 0.000877 seconds.
Begin MonoManager ReloadAssembly
Native extension for WindowsStandalone target not found
Native extension for OSXStandalone target not found
Refreshing native plugins compatible for Editor in 0.19 ms, found 0 plugins.
Preloading 0 native plugins for Editor in 0.00 ms.
Invoked RoslynAnalysisRunner static constructor.
RoslynAnalysisRunner will not be running.
RoslynAnalysisRunner has terminated.
Mono: successfully reloaded assembly
- Completed reload, in  0.826 seconds
Platform modules already initialized, skipping
Refreshing native plugins compatible for Editor in 0.19 ms, found 0 plugins.
Preloading 0 native plugins for Editor in 0.00 ms.
Unloading 1112 Unused Serialized files (Serialized files now loaded: 0)
System memory in use before: 63.3 MB.
System memory in use after: 62.8 MB.

Unloading 17 unused Assets to reduce memory usage. Loaded Objects now: 1618.
Total: 1.890100 ms (FindLiveObjects: 0.116100 ms CreateObjectMapping: 0.030200 ms MarkObjects: 1.462900 ms  DeleteObjects: 0.279600 ms)

========================================================================
Received Prepare
Registering precompiled user dll's ...
Registered in 0.001351 seconds.
Begin MonoManager ReloadAssembly
Native extension for WindowsStandalone target not found
Native extension for OSXStandalone target not found
Refreshing native plugins compatible for Editor in 0.19 ms, found 0 plugins.
Preloading 0 native plugins for Editor in 0.00 ms.
Invoked RoslynAnalysisRunner static constructor.
RoslynAnalysisRunner will not be running.
RoslynAnalysisRunner has terminated.
Mono: successfully reloaded assembly
- Completed reload, in  0.765 seconds
Platform modules already initialized, skipping
Refreshing native plugins compatible for Editor in 0.20 ms, found 0 plugins.
Preloading 0 native plugins for Editor in 0.00 ms.
Unloading 1112 Unused Serialized files (Serialized files now loaded: 0)
System memory in use before: 63.5 MB.
System memory in use after: 63.0 MB.

Unloading 17 unused Assets to reduce memory usage. Loaded Objects now: 1620.
Total: 1.637700 ms (FindLiveObjects: 0.116700 ms CreateObjectMapping: 0.032700 ms MarkObjects: 1.203600 ms  DeleteObjects: 0.283800 ms)

========================================================================
Received Prepare
Registering precompiled user dll's ...
Registered in 0.000864 seconds.
Begin MonoManager ReloadAssembly
Native extension for WindowsStandalone target not found
Native extension for OSXStandalone target not found
Refreshing native plugins compatible for Editor in 0.19 ms, found 0 plugins.
Preloading 0 native plugins for Editor in 0.00 ms.
Invoked RoslynAnalysisRunner static constructor.
RoslynAnalysisRunner will not be running.
RoslynAnalysisRunner has terminated.
Mono: successfully reloaded assembly
- Completed reload, in  0.705 seconds
Platform modules already initialized, skipping
Refreshing native plugins compatible for Editor in 0.24 ms, found 0 plugins.
Preloading 0 native plugins for Editor in 0.00 ms.
Unloading 1112 Unused Serialized files (Serialized files now loaded: 0)
System memory in use before: 63.6 MB.
System memory in use after: 63.1 MB.

Unloading 17 unused Assets to reduce memory usage. Loaded Objects now: 1622.
Total: 2.456300 ms (FindLiveObjects: 0.123100 ms CreateObjectMapping: 0.030000 ms MarkObjects: 1.541400 ms  DeleteObjects: 0.760300 ms)

